<?xml version="1.0" encoding="UTF-8"?>
<!-- Generated by org.testng.reporters.JUnitReportReporter -->
<testsuite hostname="DESKTOP-O6MNE66" failures="0" tests="1" name="testcase.EditLead" time="27.770" errors="0" timestamp="2021-09-09T13:06:24 IST" skipped="0">
  <testcase classname="testcase.EditLead" name="runEdit" time="27.770"/>
  <system-out/>
</testsuite> <!-- testcase.EditLead -->
