<?xml version="1.0" encoding="UTF-8"?>
<!-- Generated by org.testng.reporters.JUnitReportReporter -->
<testsuite hostname="DESKTOP-O6MNE66" failures="0" tests="1" name="testcase.DeleteLead" time="25.108" errors="0" timestamp="2021-09-09T13:06:24 IST" skipped="0">
  <testcase classname="testcase.DeleteLead" name="runDelete" time="25.108"/>
  <system-out/>
</testsuite> <!-- testcase.DeleteLead -->
