<?xml version="1.0" encoding="UTF-8"?>
<!-- Generated by org.testng.reporters.JUnitReportReporter -->
<testsuite hostname="DESKTOP-O6MNE66" failures="0" tests="2" name="testcase.CreateLead" time="43.360" errors="0" timestamp="2021-09-09T12:56:54 IST" skipped="0">
  <testcase classname="testcase.CreateLead" name="runCreate" time="21.147"/>
  <system-out/>
  <testcase classname="testcase.CreateLead" name="runCreate" time="22.213"/>
  <system-out/>
</testsuite> <!-- testcase.CreateLead -->
