<?xml version="1.0" encoding="UTF-8"?>
<!-- Generated by org.testng.reporters.JUnitReportReporter -->
<testsuite hostname="DESKTOP-O6MNE66" failures="0" tests="1" name="testcase.MergeLead" time="31.678" errors="0" timestamp="2021-09-09T13:06:24 IST" skipped="0">
  <testcase classname="testcase.MergeLead" name="runCreate" time="31.678"/>
  <system-out/>
</testsuite> <!-- testcase.MergeLead -->
